<?xml version="1.0" encoding="UTF-8"?>
<!-- Generated by org.testng.reporters.JUnitReportReporter -->
<testsuite skipped="0" hostname="Acer-PC" name="com.test.appium.CoCoin.AppiumTestNativeApp" tests="1" failures="0" timestamp="14 Nov 2017 16:48:54 GMT" time="72.248" errors="0">
  <testcase name="f" time="72.248" classname="com.test.appium.CoCoin.AppiumTestNativeApp"/>
</testsuite> <!-- com.test.appium.CoCoin.AppiumTestNativeApp -->
